# JRE version: Java(TM) SE Runtime Environment (8.0_271-b09) (build 1.8.0_271-b09)
# Java VM: Java HotSpot(TM) 64-Bit Server VM (25.271-b09 mixed mode bsd-amd64 compressed oops)
Heap:
 PSYoungGen      total 76288K, used 67232K [0x000000076ab00000, 0x0000000774000000, 0x00000007c0000000)
  eden space 65536K, 100% used [0x000000076ab00000,0x000000076eb00000,0x000000076eb00000)
  from space 10752K, 15% used [0x000000076eb00000,0x000000076eca8000,0x000000076f580000)
  to   space 10752K, 17% used [0x0000000773580000,0x0000000773760020,0x0000000774000000)
 ParOldGen       total 2796544K, used 2680039K [0x00000006c0000000, 0x000000076ab00000, 0x000000076ab00000)
  object space 2796544K, 95% used [0x00000006c0000000,0x0000000763939ff0,0x000000076ab00000)
 Metaspace       used 10168K, capacity 10408K, committed 10624K, reserved 1058816K
  class space    used 1235K, capacity 1339K, committed 1408K, reserved 1048576K
GC Heap History (3 events):
Event: 0.720 GC heap before
{Heap before GC invocations=1 (full 0):
 PSYoungGen      total 76288K, used 63113K [0x000000076ab00000, 0x0000000770000000, 0x00000007c0000000)
  eden space 65536K, 96% used [0x000000076ab00000,0x000000076e8a2708,0x000000076eb00000)
  from space 10752K, 0% used [0x000000076f580000,0x000000076f580000,0x0000000770000000)
  to   space 10752K, 0% used [0x000000076eb00000,0x000000076eb00000,0x000000076f580000)
 ParOldGen       total 175104K, used 0K [0x00000006c0000000, 0x00000006cab00000, 0x000000076ab00000)
  object space 175104K, 0% used [0x00000006c0000000,0x00000006c0000000,0x00000006cab00000)
 Metaspace       used 9838K, capacity 10088K, committed 10240K, reserved 1058816K
  class space    used 1198K, capacity 1275K, committed 1280K, reserved 1048576K
Event: 0.760 GC heap after
Heap after GC invocations=1 (full 0):
 PSYoungGen      total 76288K, used 1696K [0x000000076ab00000, 0x0000000774000000, 0x00000007c0000000)
  eden space 65536K, 0% used [0x000000076ab00000,0x000000076ab00000,0x000000076eb00000)
  from space 10752K, 15% used [0x000000076eb00000,0x000000076eca8000,0x000000076f580000)
  to   space 10752K, 0% used [0x0000000773580000,0x0000000773580000,0x0000000774000000)
 ParOldGen       total 175104K, used 16040K [0x00000006c0000000, 0x00000006cab00000, 0x000000076ab00000)
  object space 175104K, 9% used [0x00000006c0000000,0x00000006c0faa200,0x00000006cab00000)
 Metaspace       used 9838K, capacity 10088K, committed 10240K, reserved 1058816K
  class space    used 1198K, capacity 1275K, committed 1280K, reserved 1048576K
}
Event: 3.587 GC heap before
{Heap before GC invocations=2 (full 0):
 PSYoungGen      total 76288K, used 67232K [0x000000076ab00000, 0x0000000774000000, 0x00000007c0000000)
  eden space 65536K, 100% used [0x000000076ab00000,0x000000076eb00000,0x000000076eb00000)
  from space 10752K, 15% used [0x000000076eb00000,0x000000076eca8000,0x000000076f580000)
  to   space 10752K, 0% used [0x0000000773580000,0x0000000773580000,0x0000000774000000)
 ParOldGen       total 2796544K, used 2680031K [0x00000006c0000000, 0x000000076ab00000, 0x000000076ab00000)
  object space 2796544K, 95% used [0x00000006c0000000,0x0000000763937ff0,0x000000076ab00000)
 Metaspace       used 10168K, capacity 10408K, committed 10624K, reserved 1058816K
  class space    used 1235K, capacity 1339K, committed 1408K, reserved 1048576K

